
Showing logs for build [32mcb-kubecd-bdd-gh-1587145059-pr-hgsgr-1[0m stage [32mfrom-build-pack[0m and container [32mstep-credential-initializer-8qlm9[0m
{"level":"warn","ts":1587145559.3494983,"logger":"fallback-logger","caller":"logging/config.go:69","msg":"Fetch GitHub commit ID from kodata failed: \"ref: refs/heads/0.8.0-**-support-backwards-incompats\" is not a valid GitHub commit ID"}
{"level":"info","ts":1587145559.35015,"logger":"fallback-logger","caller":"creds-init/main.go:40","msg":"Credentials initialized."}

Showing logs for build [32mcb-kubecd-bdd-gh-1587145059-pr-hgsgr-1[0m stage [32mfrom-build-pack[0m and container [32mstep-working-dir-initializer-wmqjz[0m
{"level":"warn","ts":1587145560.352491,"logger":"fallback-logger","caller":"logging/config.go:69","msg":"Fetch GitHub commit ID from kodata failed: open /var/run/ko/HEAD: no such file or directory"}
{"level":"info","ts":1587145560.3537388,"logger":"fallback-logger","caller":"bash/main.go:64","msg":"Successfully executed command \"sh -c mkdir -p /workspace/source\"; output "}

Showing logs for build [32mcb-kubecd-bdd-gh-1587145059-pr-hgsgr-1[0m stage [32mfrom-build-pack[0m and container [32mstep-place-tools[0m

Showing logs for build [32mcb-kubecd-bdd-gh-1587145059-pr-hgsgr-1[0m stage [32mfrom-build-pack[0m and container [32mstep-git-source-cb-kubecd-bdd-gh-1587145059-pr-hgsgr-gl742[0m
{"level":"warn","ts":1587145566.4877925,"logger":"fallback-logger","caller":"logging/config.go:69","msg":"Fetch GitHub commit ID from kodata failed: \"ref: refs/heads/0.8.0-**-support-backwards-incompats\" is not a valid GitHub commit ID"}
{"level":"info","ts":1587145567.5368848,"logger":"fallback-logger","caller":"git/git.go:103","msg":"Successfully cloned https://github.com/cb-kubecd/bdd-gh-1587145059.git @ master in path /workspace/source"}

Showing logs for build [32mcb-kubecd-bdd-gh-1587145059-pr-hgsgr-1[0m stage [32mfrom-build-pack[0m and container [32mstep-git-merge[0m
Using SHAs from PULL_REFS=master:ca3f479f7770e7477bd9fd4a889080d03dce2cc0,1:a1efe3bb623c94f1aecdb6ecf31ca4272a630398
DEBUG: LC_ALL=C JX_LOG_LEVEL=error git fetch origin --unshallow a1efe3bb623c94f1aecdb6ecf31ca4272a630398: ca3f479f7770e7477bd9fd4a889080d03dce2cc0:
DEBUG: ran git fetch --unshallow origin a1efe3bb623c94f1aecdb6ecf31ca4272a630398: ca3f479f7770e7477bd9fd4a889080d03dce2cc0: in 
DEBUG: LC_ALL=C JX_LOG_LEVEL=error git branch
DEBUG: LC_ALL=C JX_LOG_LEVEL=error git checkout master
DEBUG: ran git checkout master in 
DEBUG: LC_ALL=C JX_LOG_LEVEL=error git reset --hard ca3f479f7770e7477bd9fd4a889080d03dce2cc0
DEBUG: ran git reset --hard ca3f479f7770e7477bd9fd4a889080d03dce2cc0 in 
DEBUG: LC_ALL=C JX_LOG_LEVEL=error git clean -fd .
DEBUG: ran clean --force -d . in 
DEBUG: LC_ALL=C JX_LOG_LEVEL=error git merge a1efe3bb623c94f1aecdb6ecf31ca4272a630398
DEBUG: ran git merge a1efe3bb623c94f1aecdb6ecf31ca4272a630398 in 
DEBUG: LC_ALL=C JX_LOG_LEVEL=error git log --format=%H%x1f%an%x1f%ae%x1f%cn%x1f%ce%x1f%s%n%b%x1e ca3f479f7770e7477bd9fd4a889080d03dce2cc0..HEAD
Merged SHA a1efe3bb623c94f1aecdb6ecf31ca4272a630398 with commit message 'My first PR commit' into base branch master

Showing logs for build [32mcb-kubecd-bdd-gh-1587145059-pr-hgsgr-1[0m stage [32mfrom-build-pack[0m and container [32mstep-build-make-linux[0m
CGO_ENABLED=0 GOOS=linux GOARCH=amd64 GO15VENDOREXPERIMENT=1 go build -ldflags '' -o bin/bdd-gh-1587145059 main.go

Showing logs for build [32mcb-kubecd-bdd-gh-1587145059-pr-hgsgr-1[0m stage [32mfrom-build-pack[0m and container [32mstep-build-container-build[0m
ERROR: logging before flag.Parse: E0417 17:46:15.294423      13 metadata.go:241] Failed to unmarshal scopes: invalid character 'h' looking for beginning of value
[36mINFO[0m[0000] No base image, nothing to extract            
[36mINFO[0m[0000] cmd: EXPOSE                                  
[36mINFO[0m[0000] Adding exposed port: 8080/tcp                
[36mINFO[0m[0000] Using files from context: [/workspace/source/bin] 
[36mINFO[0m[0000] Skipping unpacking as no commands require it. 
[36mINFO[0m[0000] Taking snapshot of full filesystem...        
[36mINFO[0m[0000] EXPOSE 8080                                  
[36mINFO[0m[0000] cmd: EXPOSE                                  
[36mINFO[0m[0000] Adding exposed port: 8080/tcp                
[36mINFO[0m[0000] No files changed in this command, skipping snapshotting. 
[36mINFO[0m[0000] ENTRYPOINT ["/bdd-gh-1587145059"]            
[36mINFO[0m[0000] No files changed in this command, skipping snapshotting. 
[36mINFO[0m[0000] Using files from context: [/workspace/source/bin] 
[36mINFO[0m[0000] COPY ./bin/ /                                
[36mINFO[0m[0000] Taking snapshot of files...                  
2020/04/17 17:46:18 pushed blob: sha256:3ea3456c206502061ccba38540eec98f2adc22c6d736e9aead4b7fd9c81258f4
2020/04/17 17:46:19 pushed blob: sha256:a79024c9581383c69d631255de12df29d1bdc46d66c0192d5cf6496217ed35e9
2020/04/17 17:46:20 gcr.io/jenkins-x-labs-bdd/bdd-gh-1587145059:0.0.0-SNAPSHOT-PR-1-1: digest: sha256:7fc9c137bbe5701bc07600d35eb76c36f5f6c385b4a918c8ad37ceb56c74bf20 size: 428

Showing logs for build [32mcb-kubecd-bdd-gh-1587145059-pr-hgsgr-1[0m stage [32mfrom-build-pack[0m and container [32mstep-postbuild-post-build[0m
no CVE provider running in the current ** namespace so skip adding image to be analysed

Showing logs for build [32mcb-kubecd-bdd-gh-1587145059-pr-hgsgr-1[0m stage [32mfrom-build-pack[0m and container [32mstep-promote-make-preview[0m
sed -i -e "s/version:.*/version: 0.0.0-SNAPSHOT-PR-1-1/" Chart.yaml
sed -i -e "s/version:.*/version: 0.0.0-SNAPSHOT-PR-1-1/" ../*/Chart.yaml
sed -i -e "s|repository:.*|repository: gcr.io\/jenkins-x-labs-bdd\/bdd-gh-1587145059|" values.yaml
sed -i -e "s/tag:.*/tag: 0.0.0-SNAPSHOT-PR-1-1/" values.yaml
echo "  version: 0.0.0-SNAPSHOT-PR-1-1" >> requirements.yaml
** step helm build
WARNING: No $CHART_REPOSITORY defined so using the default value of: http://jenkins-x-chartmuseum:8080
Adding missing Helm repo: storage.googleapis.com https://storage.googleapis.com/chartmuseum.jenkins-x.io
Successfully added Helm repository storage.googleapis.com.
Adding missing Helm repo: jenkins-x-chartmuseum http://jenkins-x-chartmuseum:8080
Successfully added Helm repository jenkins-x-chartmuseum.
WARNING: No $CHART_REPOSITORY defined so using the default value of: http://jenkins-x-chartmuseum:8080

Showing logs for build [32mcb-kubecd-bdd-gh-1587145059-pr-hgsgr-1[0m stage [32mfrom-build-pack[0m and container [32mstep-promote-jx-preview[0m
Creating a preview
Created environment cb-kubecd-bdd-gh-1587145059-pr-1
Namespace **-cb-kubecd-bdd-gh-1587145059-pr-1 created 
expose:
  Annotations:
    helm.sh/hook: post-install,post-upgrade
    helm.sh/hook-delete-policy: hook-succeeded
  config:
    domain: 34.76.54.42.nip.io
    exposer: Ingress
    http: "true"
preview:
  image:
    repository: gcr.io/jenkins-x-labs-bdd/bdd-gh-1587145059
    tag: 0.0.0-SNAPSHOT-PR-1-1
adding helm values file /workspace/source/charts/preview/**Requirements.values.yaml for namespace **-cb-kubecd-bdd-gh-1587145059-pr-1
Updating PipelineActivities cb-kubecd-bdd-gh-1587145059-pr-1-1 which has status Running
WARNING: preview application http://bdd-gh-1587145059-**-cb-kubecd-bdd-gh-1587145059-pr-1.34.76.54.42.nip.io not available, error was 503 503 Service Temporarily Unavailable, delaying for: 1.252573036s
Preview application is now available at: http://bdd-gh-1587145059-**-cb-kubecd-bdd-gh-1587145059-pr-1.34.76.54.42.nip.io
